-------------------------------------------------------------------------------
Test set: com.store.store.StoreApplicationTests
-------------------------------------------------------------------------------
Tests run: 1, Failures: 0, Errors: 1, Skipped: 0, Time elapsed: 0.807 s <<< FAILURE! - in com.store.store.StoreApplicationTests
initializationError(com.store.store.StoreApplicationTests)  Time elapsed: 0.008 s  <<< ERROR!
java.lang.IllegalStateException: Unable to find a @SpringBootConfiguration, you need to use @ContextConfiguration or @SpringBootTest(classes=...) with your test

